<?xml version="1.0" encoding="UTF-8"?>
<testsuite xmlns:xsi="http://www.w3.org/2001/XMLSchema-instance" xsi:noNamespaceSchemaLocation="https://maven.apache.org/surefire/maven-surefire-plugin/xsd/surefire-test-report-3.0.xsd" version="3.0" name="com.example.service.StudentServiceTest" time="0.067" tests="9" errors="0" skipped="0" failures="0">
  <properties>
    <property name="java.specification.version" value="23"/>
    <property name="sun.jnu.encoding" value="UTF-8"/>
    <property name="java.class.path" value="/Users/ahmaddoobi/Desktop/Student-Management-System-Maintenance/target/test-classes:/Users/ahmaddoobi/Desktop/Student-Management-System-Maintenance/target/classes:/Users/ahmaddoobi/.m2/repository/org/junit/jupiter/junit-jupiter-api/5.11.4/junit-jupiter-api-5.11.4.jar:/Users/ahmaddoobi/.m2/repository/org/opentest4j/opentest4j/1.3.0/opentest4j-1.3.0.jar:/Users/ahmaddoobi/.m2/repository/org/junit/platform/junit-platform-commons/1.11.4/junit-platform-commons-1.11.4.jar:/Users/ahmaddoobi/.m2/repository/org/apiguardian/apiguardian-api/1.1.2/apiguardian-api-1.1.2.jar:/Users/ahmaddoobi/.m2/repository/org/junit/jupiter/junit-jupiter-engine/5.11.4/junit-jupiter-engine-5.11.4.jar:/Users/ahmaddoobi/.m2/repository/org/junit/platform/junit-platform-engine/1.11.4/junit-platform-engine-1.11.4.jar:"/>
    <property name="java.vm.vendor" value="Homebrew"/>
    <property name="sun.arch.data.model" value="64"/>
    <property name="java.vendor.url" value="https://github.com/Homebrew/homebrew-core/issues"/>
    <property name="os.name" value="Mac OS X"/>
    <property name="java.vm.specification.version" value="23"/>
    <property name="sun.java.launcher" value="SUN_STANDARD"/>
    <property name="user.country" value="SA"/>
    <property name="sun.boot.library.path" value="/opt/homebrew/Cellar/openjdk/23.0.2/libexec/openjdk.jdk/Contents/Home/lib"/>
    <property name="sun.java.command" value="/Users/ahmaddoobi/Desktop/Student-Management-System-Maintenance/target/surefire/surefirebooter-20250208141734194_3.jar /Users/ahmaddoobi/Desktop/Student-Management-System-Maintenance/target/surefire 2025-02-08T14-17-34_074-jvmRun1 surefire-20250208141734194_1tmp surefire_0-20250208141734194_2tmp"/>
    <property name="http.nonProxyHosts" value="local|*.local|169.254/16|*.169.254/16"/>
    <property name="jdk.debug" value="release"/>
    <property name="surefire.test.class.path" value="/Users/ahmaddoobi/Desktop/Student-Management-System-Maintenance/target/test-classes:/Users/ahmaddoobi/Desktop/Student-Management-System-Maintenance/target/classes:/Users/ahmaddoobi/.m2/repository/org/junit/jupiter/junit-jupiter-api/5.11.4/junit-jupiter-api-5.11.4.jar:/Users/ahmaddoobi/.m2/repository/org/opentest4j/opentest4j/1.3.0/opentest4j-1.3.0.jar:/Users/ahmaddoobi/.m2/repository/org/junit/platform/junit-platform-commons/1.11.4/junit-platform-commons-1.11.4.jar:/Users/ahmaddoobi/.m2/repository/org/apiguardian/apiguardian-api/1.1.2/apiguardian-api-1.1.2.jar:/Users/ahmaddoobi/.m2/repository/org/junit/jupiter/junit-jupiter-engine/5.11.4/junit-jupiter-engine-5.11.4.jar:/Users/ahmaddoobi/.m2/repository/org/junit/platform/junit-platform-engine/1.11.4/junit-platform-engine-1.11.4.jar:"/>
    <property name="sun.cpu.endian" value="little"/>
    <property name="user.home" value="/Users/ahmaddoobi"/>
    <property name="user.language" value="en"/>
    <property name="java.specification.vendor" value="Oracle Corporation"/>
    <property name="java.version.date" value="2025-01-21"/>
    <property name="java.home" value="/opt/homebrew/Cellar/openjdk/23.0.2/libexec/openjdk.jdk/Contents/Home"/>
    <property name="file.separator" value="/"/>
    <property name="basedir" value="/Users/ahmaddoobi/Desktop/Student-Management-System-Maintenance"/>
    <property name="java.vm.compressedOopsMode" value="Zero based"/>
    <property name="line.separator" value="&#10;"/>
    <property name="java.vm.specification.vendor" value="Oracle Corporation"/>
    <property name="java.specification.name" value="Java Platform API Specification"/>
    <property name="apple.awt.application.name" value="ForkedBooter"/>
    <property name="surefire.real.class.path" value="/Users/ahmaddoobi/Desktop/Student-Management-System-Maintenance/target/surefire/surefirebooter-20250208141734194_3.jar"/>
    <property name="sun.management.compiler" value="HotSpot 64-Bit Tiered Compilers"/>
    <property name="ftp.nonProxyHosts" value="local|*.local|169.254/16|*.169.254/16"/>
    <property name="java.runtime.version" value="23.0.2"/>
    <property name="user.name" value="ahmaddoobi"/>
    <property name="stdout.encoding" value="UTF-8"/>
    <property name="path.separator" value=":"/>
    <property name="os.version" value="15.3"/>
    <property name="java.runtime.name" value="OpenJDK Runtime Environment"/>
    <property name="file.encoding" value="UTF-8"/>
    <property name="java.vm.name" value="OpenJDK 64-Bit Server VM"/>
    <property name="java.vendor.version" value="Homebrew"/>
    <property name="localRepository" value="/Users/ahmaddoobi/.m2/repository"/>
    <property name="java.vendor.url.bug" value="https://github.com/Homebrew/homebrew-core/issues"/>
    <property name="java.io.tmpdir" value="/var/folders/s1/hkpv8bjx5xn_gg9fblhr8c_c0000gn/T/"/>
    <property name="java.version" value="23.0.2"/>
    <property name="user.dir" value="/Users/ahmaddoobi/Desktop/Student-Management-System-Maintenance"/>
    <property name="os.arch" value="aarch64"/>
    <property name="java.vm.specification.name" value="Java Virtual Machine Specification"/>
    <property name="native.encoding" value="UTF-8"/>
    <property name="java.library.path" value="/Users/ahmaddoobi/Library/Java/Extensions:/Library/Java/Extensions:/Network/Library/Java/Extensions:/System/Library/Java/Extensions:/usr/lib/java:."/>
    <property name="java.vm.info" value="mixed mode, sharing"/>
    <property name="stderr.encoding" value="UTF-8"/>
    <property name="java.vendor" value="Homebrew"/>
    <property name="java.vm.version" value="23.0.2"/>
    <property name="sun.io.unicode.encoding" value="UnicodeBig"/>
    <property name="socksNonProxyHosts" value="local|*.local|169.254/16|*.169.254/16"/>
    <property name="java.class.version" value="67.0"/>
  </properties>
  <testcase name="testAddNewStudentInvalidName" classname="com.example.service.StudentServiceTest" time="0.013">
    <system-out><![CDATA[Error: name can't contain numbers
Error: name can't contain numbers
Student added successfully
]]></system-out>
  </testcase>
  <testcase name="testSearchStudentByIdFound" classname="com.example.service.StudentServiceTest" time="0.002">
    <system-out><![CDATA[Student added successfully
]]></system-out>
  </testcase>
  <testcase name="testAddNewStudentDuplicateId" classname="com.example.service.StudentServiceTest" time="0">
    <system-out><![CDATA[Student added successfully
Error: student ID is used before
]]></system-out>
  </testcase>
  <testcase name="testRemoveStudentByIdNotFound" classname="com.example.service.StudentServiceTest" time="0.001">
    <system-out><![CDATA[Error: Student not found.
]]></system-out>
  </testcase>
  <testcase name="testAddNewStudentSuccess" classname="com.example.service.StudentServiceTest" time="0">
    <system-out><![CDATA[Student added successfully
]]></system-out>
  </testcase>
  <testcase name="testGetAllStudents" classname="com.example.service.StudentServiceTest" time="0">
    <system-out><![CDATA[Student added successfully
Student added successfully
]]></system-out>
  </testcase>
  <testcase name="testSearchStudentByIdNotFound" classname="com.example.service.StudentServiceTest" time="0.014"/>
  <testcase name="testAddNewStudentInvalidAge" classname="com.example.service.StudentServiceTest" time="0.001">
    <system-out><![CDATA[Error: age can't be less than 1
Error: age can't be less than 1
Student added successfully
]]></system-out>
  </testcase>
  <testcase name="testRemoveStudentByIdSuccess" classname="com.example.service.StudentServiceTest" time="0.001">
    <system-out><![CDATA[Student added successfully
Student removed successfully.
]]></system-out>
  </testcase>
</testsuite>